<?xml version="1.0" encoding="UTF-8"?>
<!-- Generated by org.testng.reporters.JUnitReportReporter -->
<testsuite skipped="0" hostname="snehadherajsMBP" name="LoginPageTest" tests="1" failures="0" timestamp="30 Aug 2018 03:16:15 GMT" time="7.176" errors="0">
  <testcase name="LoginTest" time="7.176" classname="LoginPageTest"/>
</testsuite> <!-- LoginPageTest -->
