<?xml version="1.0" encoding="UTF-8"?>
<!-- Generated by org.testng.reporters.JUnitReportReporter -->
<testsuite skipped="0" hostname="snehadherajsMBP" name="HomePageTest" tests="1" failures="0" timestamp="30 Aug 2018 04:04:15 GMT" time="5.761" errors="0">
  <testcase name="verifyRequestsLinkTest" time="5.761" classname="HomePageTest"/>
</testsuite> <!-- HomePageTest -->
